<?xml version="1.0" encoding="UTF-8"?>
<!-- Generated by org.testng.reporters.JUnitReportReporter -->
<testsuite skipped="0" hostname="L95FM68" name="testng.testng2" tests="1" failures="0" timestamp="18 Feb 2019 06:05:11 GMT" time="0.010" errors="0">
  <testcase name="test" time="0.010" classname="testng.testng2"/>
</testsuite> <!-- testng.testng2 -->
