<?xml version="1.0" encoding="UTF-8"?>
<!-- Generated by org.testng.reporters.JUnitReportReporter -->
<testsuite skipped="0" hostname="L95FM68" name="script.loginpage" tests="1" failures="0" timestamp="07 Feb 2019 06:10:16 GMT" time="23.466" errors="0">
  <testcase name="Loginpage" time="23.466" classname="script.loginpage"/>
</testsuite> <!-- script.loginpage -->
