<?xml version="1.0" encoding="UTF-8"?>
<!-- Generated by org.testng.reporters.JUnitReportReporter -->
<testsuite skipped="0" hostname="L95FM68" name="testng.testMethods" tests="1" failures="0" timestamp="18 Feb 2019 06:05:11 GMT" time="0.030" errors="0">
  <testcase name="test1" time="0.030" classname="testng.testMethods"/>
</testsuite> <!-- testng.testMethods -->
