<?xml version="1.0" encoding="UTF-8"?>
<!-- Generated by org.testng.reporters.JUnitReportReporter -->
<testsuite skipped="0" hostname="L95FM68" name="packHandling.confirmationAlert" tests="1" failures="0" timestamp="26 Feb 2019 14:08:45 GMT" time="24.548" errors="0">
  <testcase name="confirmAlert" time="24.548" classname="packHandling.confirmationAlert"/>
</testsuite> <!-- packHandling.confirmationAlert -->
