<?xml version="1.0" encoding="UTF-8"?>
<!-- Generated by org.testng.reporters.JUnitReportReporter -->
<testsuite skipped="0" hostname="L95FM68" name="packHandling.altertHandling" tests="1" failures="0" timestamp="26 Feb 2019 14:01:38 GMT" time="40.549" errors="0">
  <testcase name="simpleAlert" time="40.549" classname="packHandling.altertHandling"/>
</testsuite> <!-- packHandling.altertHandling -->
